<?xml version="1.0" encoding="UTF-8"?>
<testsuites name="New Test Suite" time="207" tests="5" failures="0" errors="0">
   <testsuite name="New Test Suite" tests="5" failures="0" errors="0" time="207" timestamp="2018-06-22 09:59:05" hostname="admin - LAPTOP-MGAQBN3O" id="Test Suites/New Test Suite">
      <properties>
         <property name="deviceName" value=""/>
         <property name="devicePlatform" value=""/>
         <property name="logFolder" value="C:\\Users\\admin\\Katalon Studio\\crear ausencias\\Reports\\New Test Suite\\20180622_095903"/>
         <property name="logFiles" value="C:\\Users\\admin\\Katalon Studio\\crear ausencias\\Reports\\New Test Suite\\20180622_095903\\execution0.log"/>
         <property name="attachments" value=""/>
         <property name="hostName" value="admin - LAPTOP-MGAQBN3O"/>
         <property name="os" value="Windows 10 64bit"/>
         <property name="katalonVersion" value="5.4.2.1"/>
         <property name="browser" value="Firefox 60.0"/>
         <property name="hostAddress" value="192.168.6.110"/>
         <property name="sessionId" value="e78f1c41-16d1-4cb5-a398-b63e2985ebd4"/>
         <property name="seleniumVersion" value="3.7.1"/>
         <property name="proxyInformation" value="ProxyInformation{proxyOption=NO_PROXY, proxyServerType=HTTP, password=, proxyServerAddress=, proxyServerPort=0}"/>
         <property name="platform" value="Windows 10"/>
      </properties>
      <testcase name="Test Cases/1login" classname="Test Cases/1login" status="PASSED">
         <system-out><![CDATA[2018-06-22 09:59:06 - [TEST_CASE][PASSED] - Test Cases/1login: Test Cases/1login

2018-06-22 09:59:06 - [TEST_STEP][PASSED] - openBrowser: Browser is opened with url: 'https://sayes-des:9443/ProcessPortal/login.jsp'

2018-06-22 09:59:13 - [MESSAGE][PASSED] - Browser is opened with url: 'https://sayes-des:9443/ProcessPortal/login.jsp'

2018-06-22 09:59:13 - [TEST_STEP][PASSED] - waitForPageLoad: Wait for page load successfully

2018-06-22 09:59:13 - [MESSAGE][WARNING] - Timeout '0' is invalid. Using default page load timeout: '30'

2018-06-22 09:59:14 - [MESSAGE][PASSED] - Wait for page load successfully

2018-06-22 09:59:14 - [TEST_STEP][PASSED] - setText: Text 'aperez' is set on object 'Object Repository/input_j_username'

2018-06-22 09:59:18 - [MESSAGE][PASSED] - Text 'aperez' is set on object 'Object Repository/input_j_username'

2018-06-22 09:59:18 - [TEST_STEP][PASSED] - setText: Text 'Ab123456' is set on object 'Object Repository/input_j_password'

2018-06-22 09:59:22 - [MESSAGE][PASSED] - Text 'Ab123456' is set on object 'Object Repository/input_j_password'

2018-06-22 09:59:23 - [TEST_STEP][PASSED] - sendKeys: Keys 'ENTER + ' sent to object: 'Object Repository/input_j_password'

2018-06-22 09:59:25 - [MESSAGE][PASSED] - Keys 'ENTER + ' sent to object: 'Object Repository/input_j_password'

2018-06-22 09:59:25 - [TEST_STEP][PASSED] - waitForPageLoad: Wait for page load successfully

2018-06-22 09:59:25 - [MESSAGE][WARNING] - Timeout '0' is invalid. Using default page load timeout: '30'

2018-06-22 09:59:27 - [MESSAGE][PASSED] - Wait for page load successfully

2018-06-22 09:59:27 - [TEST_STEP][PASSED] - verifyElementPresent: Object 'Object Repository/a_Acacio Perez' is present

2018-06-22 09:59:27 - [MESSAGE][WARNING] - Timeout '0' is invalid. Using default page load timeout: '30'

2018-06-22 09:59:28 - [MESSAGE][PASSED] - Object 'Object Repository/a_Acacio Perez' is present

2018-06-22 09:59:28 - [TEST_STEP][PASSED] - closeBrowser: Browser is closed

2018-06-22 09:59:30 - [MESSAGE][PASSED] - Browser is closed]]></system-out>
         <system-err><![CDATA[]]></system-err>
      </testcase>
      <testcase name="Test Cases/2CampoObligatorioSinRellenar" classname="Test Cases/2CampoObligatorioSinRellenar" status="PASSED">
         <system-out><![CDATA[2018-06-22 09:59:30 - [TEST_CASE][PASSED] - Test Cases/2CampoObligatorioSinRellenar: Test Cases/2CampoObligatorioSinRellenar

2018-06-22 09:59:30 - [TEST_STEP][PASSED] - openBrowser: Browser is opened with url: 'https://sayes-des:9443/ProcessPortal/login.jsp'

2018-06-22 09:59:36 - [MESSAGE][PASSED] - Browser is opened with url: 'https://sayes-des:9443/ProcessPortal/login.jsp'

2018-06-22 09:59:36 - [TEST_STEP][PASSED] - waitForPageLoad: Wait for page load successfully

2018-06-22 09:59:36 - [MESSAGE][WARNING] - Timeout '0' is invalid. Using default page load timeout: '30'

2018-06-22 09:59:37 - [MESSAGE][PASSED] - Wait for page load successfully

2018-06-22 09:59:37 - [TEST_STEP][PASSED] - setText: Text 'aperez' is set on object 'Object Repository/input_j_username'

2018-06-22 09:59:41 - [MESSAGE][PASSED] - Text 'aperez' is set on object 'Object Repository/input_j_username'

2018-06-22 09:59:41 - [TEST_STEP][PASSED] - setText: Text 'Ab123456' is set on object 'Object Repository/input_j_password'

2018-06-22 09:59:45 - [MESSAGE][PASSED] - Text 'Ab123456' is set on object 'Object Repository/input_j_password'

2018-06-22 09:59:45 - [TEST_STEP][PASSED] - sendKeys: Keys 'ENTER + ' sent to object: 'Object Repository/input_j_password'

2018-06-22 09:59:47 - [MESSAGE][PASSED] - Keys 'ENTER + ' sent to object: 'Object Repository/input_j_password'

2018-06-22 09:59:47 - [TEST_STEP][PASSED] - waitForPageLoad: Wait for page load successfully

2018-06-22 09:59:47 - [MESSAGE][WARNING] - Timeout '0' is invalid. Using default page load timeout: '30'

2018-06-22 09:59:50 - [MESSAGE][PASSED] - Wait for page load successfully

2018-06-22 09:59:50 - [TEST_STEP][PASSED] - click: Object: 'Object Repository/a_Crear Ausencia' is clicked on

2018-06-22 09:59:52 - [MESSAGE][PASSED] - Object: 'Object Repository/a_Crear Ausencia' is clicked on

2018-06-22 09:59:52 - [TEST_STEP][PASSED] - click: Object: 'Object Repository/button_ACEPTAR' is clicked on

2018-06-22 09:59:56 - [MESSAGE][PASSED] - Object: 'Object Repository/button_ACEPTAR' is clicked on

2018-06-22 09:59:59 - [TEST_STEP][PASSED] - verifyElementPresent: Object 'Object Repository/font_Validation Error' is present

2018-06-22 09:59:59 - [MESSAGE][WARNING] - Timeout '0' is invalid. Using default page load timeout: '30'

2018-06-22 10:00:01 - [MESSAGE][WARNING] - Timeout '0' is invalid. Using default page load timeout: '30'

2018-06-22 10:00:02 - [MESSAGE][PASSED] - Object 'Object Repository/font_Validation Error' is present

2018-06-22 10:00:04 - [TEST_STEP][PASSED] - closeBrowser: Browser is closed

2018-06-22 10:00:05 - [MESSAGE][PASSED] - Browser is closed]]></system-out>
         <system-err><![CDATA[]]></system-err>
      </testcase>
      <testcase name="Test Cases/5SolicitudCorrectaDiferenteMotivo" classname="Test Cases/5SolicitudCorrectaDiferenteMotivo" status="PASSED">
         <system-out><![CDATA[2018-06-22 10:00:05 - [TEST_CASE][PASSED] - Test Cases/5SolicitudCorrectaDiferenteMotivo: Test Cases/5SolicitudCorrectaDiferenteMotivo

2018-06-22 10:00:05 - [TEST_STEP][PASSED] - openBrowser: Browser is opened with url: 'https://sayes-des:9443/ProcessPortal/login.jsp'

2018-06-22 10:00:11 - [MESSAGE][PASSED] - Browser is opened with url: 'https://sayes-des:9443/ProcessPortal/login.jsp'

2018-06-22 10:00:11 - [TEST_STEP][PASSED] - waitForPageLoad: Wait for page load successfully

2018-06-22 10:00:11 - [MESSAGE][WARNING] - Timeout '0' is invalid. Using default page load timeout: '30'

2018-06-22 10:00:12 - [MESSAGE][PASSED] - Wait for page load successfully

2018-06-22 10:00:12 - [TEST_STEP][PASSED] - setText: Text 'aperez' is set on object 'Object Repository/input_j_username'

2018-06-22 10:00:16 - [MESSAGE][PASSED] - Text 'aperez' is set on object 'Object Repository/input_j_username'

2018-06-22 10:00:16 - [TEST_STEP][PASSED] - setText: Text 'Ab123456' is set on object 'Object Repository/input_j_password'

2018-06-22 10:00:20 - [MESSAGE][PASSED] - Text 'Ab123456' is set on object 'Object Repository/input_j_password'

2018-06-22 10:00:20 - [TEST_STEP][PASSED] - sendKeys: Keys 'ENTER + ' sent to object: 'Object Repository/input_j_password'

2018-06-22 10:00:22 - [MESSAGE][PASSED] - Keys 'ENTER + ' sent to object: 'Object Repository/input_j_password'

2018-06-22 10:00:22 - [TEST_STEP][PASSED] - waitForPageLoad: Wait for page load successfully

2018-06-22 10:00:22 - [MESSAGE][WARNING] - Timeout '0' is invalid. Using default page load timeout: '30'

2018-06-22 10:00:25 - [MESSAGE][PASSED] - Wait for page load successfully

2018-06-22 10:00:25 - [TEST_STEP][PASSED] - click: Object: 'Object Repository/a_Crear Ausencia' is clicked on

2018-06-22 10:00:27 - [MESSAGE][PASSED] - Object: 'Object Repository/a_Crear Ausencia' is clicked on

2018-06-22 10:00:27 - [TEST_STEP][PASSED] - selectOptionByIndex: All options with index in [3] are selected on object 'Object Repository/select_--Select--motivoAusencia'

2018-06-22 10:00:41 - [MESSAGE][PASSED] - All options with index in [3] are selected on object 'Object Repository/select_--Select--motivoAusencia'

2018-06-22 10:00:43 - [TEST_STEP][PASSED] - click: Object: 'Object Repository/button_ACEPTAR' is clicked on

2018-06-22 10:00:47 - [MESSAGE][PASSED] - Object: 'Object Repository/button_ACEPTAR' is clicked on

2018-06-22 10:00:49 - [TEST_STEP][PASSED] - click: Object: 'Object Repository/button_CONFIRMAR' is clicked on

2018-06-22 10:00:54 - [MESSAGE][PASSED] - Object: 'Object Repository/button_CONFIRMAR' is clicked on

2018-06-22 10:00:56 - [TEST_STEP][PASSED] - verifyElementPresent: Object 'Object Repository/a_Crear Ausencia' is present

2018-06-22 10:00:56 - [MESSAGE][WARNING] - Timeout '0' is invalid. Using default page load timeout: '30'

2018-06-22 10:00:57 - [MESSAGE][PASSED] - Object 'Object Repository/a_Crear Ausencia' is present

2018-06-22 10:00:57 - [TEST_STEP][PASSED] - closeBrowser: Browser is closed

2018-06-22 10:00:58 - [MESSAGE][PASSED] - Browser is closed]]></system-out>
         <system-err><![CDATA[]]></system-err>
      </testcase>
      <testcase name="Test Cases/4SolicitudCorrecta" classname="Test Cases/4SolicitudCorrecta" status="PASSED">
         <system-out><![CDATA[2018-06-22 10:00:58 - [TEST_CASE][PASSED] - Test Cases/4SolicitudCorrecta: Test Cases/4SolicitudCorrecta

2018-06-22 10:00:58 - [TEST_STEP][PASSED] - openBrowser: Browser is opened with url: 'https://sayes-des:9443/ProcessPortal/login.jsp'

2018-06-22 10:01:05 - [MESSAGE][PASSED] - Browser is opened with url: 'https://sayes-des:9443/ProcessPortal/login.jsp'

2018-06-22 10:01:05 - [TEST_STEP][PASSED] - waitForPageLoad: Wait for page load successfully

2018-06-22 10:01:05 - [MESSAGE][WARNING] - Timeout '0' is invalid. Using default page load timeout: '30'

2018-06-22 10:01:06 - [MESSAGE][PASSED] - Wait for page load successfully

2018-06-22 10:01:06 - [TEST_STEP][PASSED] - setText: Text 'aperez' is set on object 'Object Repository/input_j_username'

2018-06-22 10:01:10 - [MESSAGE][PASSED] - Text 'aperez' is set on object 'Object Repository/input_j_username'

2018-06-22 10:01:10 - [TEST_STEP][PASSED] - setText: Text 'Ab123456' is set on object 'Object Repository/input_j_password'

2018-06-22 10:01:14 - [MESSAGE][PASSED] - Text 'Ab123456' is set on object 'Object Repository/input_j_password'

2018-06-22 10:01:14 - [TEST_STEP][PASSED] - sendKeys: Keys 'ENTER + ' sent to object: 'Object Repository/input_j_password'

2018-06-22 10:01:16 - [MESSAGE][PASSED] - Keys 'ENTER + ' sent to object: 'Object Repository/input_j_password'

2018-06-22 10:01:16 - [TEST_STEP][PASSED] - waitForPageLoad: Wait for page load successfully

2018-06-22 10:01:16 - [MESSAGE][WARNING] - Timeout '0' is invalid. Using default page load timeout: '30'

2018-06-22 10:01:19 - [MESSAGE][PASSED] - Wait for page load successfully

2018-06-22 10:01:19 - [TEST_STEP][PASSED] - click: Object: 'Object Repository/a_Crear Ausencia' is clicked on

2018-06-22 10:01:21 - [MESSAGE][PASSED] - Object: 'Object Repository/a_Crear Ausencia' is clicked on

2018-06-22 10:01:21 - [TEST_STEP][PASSED] - click: Object: 'Object Repository/input_ao de cargoao de cargo obligatorio' is clicked on

2018-06-22 10:01:25 - [MESSAGE][PASSED] - Object: 'Object Repository/input_ao de cargoao de cargo obligatorio' is clicked on

2018-06-22 10:01:27 - [TEST_STEP][PASSED] - click: Object: 'Object Repository/button_ACEPTAR' is clicked on

2018-06-22 10:01:32 - [MESSAGE][PASSED] - Object: 'Object Repository/button_ACEPTAR' is clicked on

2018-06-22 10:01:34 - [TEST_STEP][PASSED] - click: Object: 'Object Repository/button_CONFIRMAR' is clicked on

2018-06-22 10:01:38 - [MESSAGE][PASSED] - Object: 'Object Repository/button_CONFIRMAR' is clicked on

2018-06-22 10:01:40 - [TEST_STEP][PASSED] - verifyElementPresent: Object 'Object Repository/a_Crear Ausencia' is present

2018-06-22 10:01:40 - [MESSAGE][WARNING] - Timeout '0' is invalid. Using default page load timeout: '30'

2018-06-22 10:01:41 - [MESSAGE][PASSED] - Object 'Object Repository/a_Crear Ausencia' is present

2018-06-22 10:01:41 - [TEST_STEP][PASSED] - closeBrowser: Browser is closed

2018-06-22 10:01:42 - [MESSAGE][PASSED] - Browser is closed]]></system-out>
         <system-err><![CDATA[]]></system-err>
      </testcase>
      <testcase name="Test Cases/3FechaIncorrecta" classname="Test Cases/3FechaIncorrecta" status="PASSED">
         <system-out><![CDATA[2018-06-22 10:01:42 - [TEST_CASE][PASSED] - Test Cases/3FechaIncorrecta: Test Cases/3FechaIncorrecta

2018-06-22 10:01:43 - [TEST_STEP][PASSED] - openBrowser: Browser is opened with url: 'https://sayes-des:9443/ProcessPortal/login.jsp'

2018-06-22 10:01:49 - [MESSAGE][PASSED] - Browser is opened with url: 'https://sayes-des:9443/ProcessPortal/login.jsp'

2018-06-22 10:01:49 - [TEST_STEP][PASSED] - waitForPageLoad: Wait for page load successfully

2018-06-22 10:01:49 - [MESSAGE][WARNING] - Timeout '0' is invalid. Using default page load timeout: '30'

2018-06-22 10:01:50 - [MESSAGE][PASSED] - Wait for page load successfully

2018-06-22 10:01:50 - [TEST_STEP][PASSED] - setText: Text 'aperez' is set on object 'Object Repository/input_j_username'

2018-06-22 10:01:54 - [MESSAGE][PASSED] - Text 'aperez' is set on object 'Object Repository/input_j_username'

2018-06-22 10:01:54 - [TEST_STEP][PASSED] - setText: Text 'Ab123456' is set on object 'Object Repository/input_j_password'

2018-06-22 10:01:58 - [MESSAGE][PASSED] - Text 'Ab123456' is set on object 'Object Repository/input_j_password'

2018-06-22 10:01:58 - [TEST_STEP][PASSED] - sendKeys: Keys 'ENTER + ' sent to object: 'Object Repository/input_j_password'

2018-06-22 10:02:00 - [MESSAGE][PASSED] - Keys 'ENTER + ' sent to object: 'Object Repository/input_j_password'

2018-06-22 10:02:00 - [TEST_STEP][PASSED] - waitForPageLoad: Wait for page load successfully

2018-06-22 10:02:00 - [MESSAGE][WARNING] - Timeout '0' is invalid. Using default page load timeout: '30'

2018-06-22 10:02:02 - [MESSAGE][PASSED] - Wait for page load successfully

2018-06-22 10:02:02 - [TEST_STEP][PASSED] - click: Object: 'Object Repository/a_Crear Ausencia' is clicked on

2018-06-22 10:02:05 - [MESSAGE][PASSED] - Object: 'Object Repository/a_Crear Ausencia' is clicked on

2018-06-22 10:02:05 - [TEST_STEP][PASSED] - setText: Text '2018-06-19' is set on object 'Object Repository/input_input-block-levelFechaFinal'

2018-06-22 10:02:11 - [MESSAGE][PASSED] - Text '2018-06-19' is set on object 'Object Repository/input_input-block-levelFechaFinal'

2018-06-22 10:02:13 - [TEST_STEP][PASSED] - click: Object: 'Object Repository/input_ao de cargoao de cargo obligatorio' is clicked on

2018-06-22 10:02:18 - [MESSAGE][PASSED] - Object: 'Object Repository/input_ao de cargoao de cargo obligatorio' is clicked on

2018-06-22 10:02:20 - [TEST_STEP][PASSED] - click: Object: 'Object Repository/button_ACEPTAR' is clicked on

2018-06-22 10:02:24 - [MESSAGE][PASSED] - Object: 'Object Repository/button_ACEPTAR' is clicked on

2018-06-22 10:02:26 - [TEST_STEP][PASSED] - verifyElementNotPresent: Web element with id: 'Object Repository/button_CONFIRMAR' located by 'By.xpath: id("div_1_1_1")/div[@class="buttonDiv"]/button[@class="btn btn-default"]' is not present after '30' second(s)

2018-06-22 10:02:26 - [MESSAGE][WARNING] - Timeout '0' is invalid. Using default page load timeout: '30'

2018-06-22 10:02:29 - [MESSAGE][PASSED] - Web element with id: 'Object Repository/button_CONFIRMAR' located by 'By.xpath: id("div_1_1_1")/div[@class="buttonDiv"]/button[@class="btn btn-default"]' is not present after '30' second(s)

2018-06-22 10:02:31 - [TEST_STEP][PASSED] - closeBrowser: Browser is closed

2018-06-22 10:02:32 - [MESSAGE][PASSED] - Browser is closed]]></system-out>
         <system-err><![CDATA[]]></system-err>
      </testcase>
      <system-out><![CDATA[2018-06-22 09:59:05 - [TEST_SUITE][PASSED] - New Test Suite: Test Cases/3FechaIncorrecta]]></system-out>
      <system-err><![CDATA[]]></system-err>
   </testsuite>
</testsuites>
