<?xml version="1.0" encoding="UTF-8"?>
<testsuites name="New Test Suite" time="213" tests="5" failures="0" errors="0">
   <testsuite name="New Test Suite" tests="5" failures="0" errors="0" time="213" timestamp="2018-06-22 09:27:25" hostname="admin - LAPTOP-MGAQBN3O" id="Test Suites/New Test Suite">
      <properties>
         <property name="deviceName" value=""/>
         <property name="devicePlatform" value=""/>
         <property name="logFolder" value="C:\\Users\\admin\\Katalon Studio\\crear ausencias\\Reports\\New Test Suite\\20180622_092723"/>
         <property name="logFiles" value="C:\\Users\\admin\\Katalon Studio\\crear ausencias\\Reports\\New Test Suite\\20180622_092723\\execution0.log"/>
         <property name="attachments" value=""/>
         <property name="hostName" value="admin - LAPTOP-MGAQBN3O"/>
         <property name="os" value="Windows 10 64bit"/>
         <property name="katalonVersion" value="5.4.2.1"/>
         <property name="browser" value="Firefox 60.0"/>
         <property name="hostAddress" value="192.168.6.110"/>
         <property name="sessionId" value="b4f0b2ba-99f5-4df1-bd61-a4e900211944"/>
         <property name="seleniumVersion" value="3.7.1"/>
         <property name="proxyInformation" value="ProxyInformation{proxyOption=NO_PROXY, proxyServerType=HTTP, password=, proxyServerAddress=, proxyServerPort=0}"/>
         <property name="platform" value="Windows 10"/>
      </properties>
      <testcase name="Test Cases/1login" classname="Test Cases/1login" status="PASSED">
         <system-out><![CDATA[2018-06-22 09:27:25 - [TEST_CASE][PASSED] - Test Cases/1login: Test Cases/1login

2018-06-22 09:27:26 - [TEST_STEP][PASSED] - openBrowser: Browser is opened with url: 'https://sayes-des:9443/ProcessPortal/login.jsp'

2018-06-22 09:27:34 - [MESSAGE][PASSED] - Browser is opened with url: 'https://sayes-des:9443/ProcessPortal/login.jsp'

2018-06-22 09:27:34 - [TEST_STEP][PASSED] - waitForPageLoad: Wait for page load successfully

2018-06-22 09:27:34 - [MESSAGE][WARNING] - Timeout '0' is invalid. Using default page load timeout: '30'

2018-06-22 09:27:35 - [MESSAGE][PASSED] - Wait for page load successfully

2018-06-22 09:27:35 - [TEST_STEP][PASSED] - setText: Text 'aperez' is set on object 'Object Repository/input_j_username'

2018-06-22 09:27:39 - [MESSAGE][PASSED] - Text 'aperez' is set on object 'Object Repository/input_j_username'

2018-06-22 09:27:39 - [TEST_STEP][PASSED] - setText: Text 'Ab123456' is set on object 'Object Repository/input_j_password'

2018-06-22 09:27:43 - [MESSAGE][PASSED] - Text 'Ab123456' is set on object 'Object Repository/input_j_password'

2018-06-22 09:27:43 - [TEST_STEP][PASSED] - sendKeys: Keys 'ENTER + ' sent to object: 'Object Repository/input_j_password'

2018-06-22 09:27:45 - [MESSAGE][PASSED] - Keys 'ENTER + ' sent to object: 'Object Repository/input_j_password'

2018-06-22 09:27:45 - [TEST_STEP][PASSED] - waitForPageLoad: Wait for page load successfully

2018-06-22 09:27:45 - [MESSAGE][WARNING] - Timeout '0' is invalid. Using default page load timeout: '30'

2018-06-22 09:27:49 - [MESSAGE][PASSED] - Wait for page load successfully

2018-06-22 09:27:49 - [TEST_STEP][PASSED] - verifyElementPresent: Object 'Object Repository/a_Acacio Perez' is present

2018-06-22 09:27:49 - [MESSAGE][WARNING] - Timeout '0' is invalid. Using default page load timeout: '30'

2018-06-22 09:27:50 - [MESSAGE][PASSED] - Object 'Object Repository/a_Acacio Perez' is present

2018-06-22 09:27:50 - [TEST_STEP][PASSED] - closeBrowser: Browser is closed

2018-06-22 09:27:52 - [MESSAGE][PASSED] - Browser is closed]]></system-out>
         <system-err><![CDATA[]]></system-err>
      </testcase>
      <testcase name="Test Cases/2CampoObligatorioSinRellenar" classname="Test Cases/2CampoObligatorioSinRellenar" status="PASSED">
         <system-out><![CDATA[2018-06-22 09:27:52 - [TEST_CASE][PASSED] - Test Cases/2CampoObligatorioSinRellenar: Test Cases/2CampoObligatorioSinRellenar

2018-06-22 09:27:52 - [TEST_STEP][PASSED] - openBrowser: Browser is opened with url: 'https://sayes-des:9443/ProcessPortal/login.jsp'

2018-06-22 09:27:58 - [MESSAGE][PASSED] - Browser is opened with url: 'https://sayes-des:9443/ProcessPortal/login.jsp'

2018-06-22 09:27:58 - [TEST_STEP][PASSED] - waitForPageLoad: Wait for page load successfully

2018-06-22 09:27:58 - [MESSAGE][WARNING] - Timeout '0' is invalid. Using default page load timeout: '30'

2018-06-22 09:27:59 - [MESSAGE][PASSED] - Wait for page load successfully

2018-06-22 09:27:59 - [TEST_STEP][PASSED] - setText: Text 'aperez' is set on object 'Object Repository/input_j_username'

2018-06-22 09:28:03 - [MESSAGE][PASSED] - Text 'aperez' is set on object 'Object Repository/input_j_username'

2018-06-22 09:28:03 - [TEST_STEP][PASSED] - setText: Text 'Ab123456' is set on object 'Object Repository/input_j_password'

2018-06-22 09:28:07 - [MESSAGE][PASSED] - Text 'Ab123456' is set on object 'Object Repository/input_j_password'

2018-06-22 09:28:07 - [TEST_STEP][PASSED] - sendKeys: Keys 'ENTER + ' sent to object: 'Object Repository/input_j_password'

2018-06-22 09:28:09 - [MESSAGE][PASSED] - Keys 'ENTER + ' sent to object: 'Object Repository/input_j_password'

2018-06-22 09:28:09 - [TEST_STEP][PASSED] - waitForPageLoad: Wait for page load successfully

2018-06-22 09:28:09 - [MESSAGE][WARNING] - Timeout '0' is invalid. Using default page load timeout: '30'

2018-06-22 09:28:12 - [MESSAGE][PASSED] - Wait for page load successfully

2018-06-22 09:28:12 - [TEST_STEP][PASSED] - click: Object: 'Object Repository/a_Crear Ausencia' is clicked on

2018-06-22 09:28:14 - [MESSAGE][PASSED] - Object: 'Object Repository/a_Crear Ausencia' is clicked on

2018-06-22 09:28:14 - [TEST_STEP][PASSED] - click: Object: 'Object Repository/button_ACEPTAR' is clicked on

2018-06-22 09:28:20 - [MESSAGE][PASSED] - Object: 'Object Repository/button_ACEPTAR' is clicked on

2018-06-22 09:28:22 - [TEST_STEP][PASSED] - verifyElementPresent: Object 'Object Repository/font_Validation Error' is present

2018-06-22 09:28:22 - [MESSAGE][WARNING] - Timeout '0' is invalid. Using default page load timeout: '30'

2018-06-22 09:28:24 - [MESSAGE][WARNING] - Timeout '0' is invalid. Using default page load timeout: '30'

2018-06-22 09:28:25 - [MESSAGE][PASSED] - Object 'Object Repository/font_Validation Error' is present

2018-06-22 09:28:27 - [TEST_STEP][PASSED] - closeBrowser: Browser is closed

2018-06-22 09:28:29 - [MESSAGE][PASSED] - Browser is closed]]></system-out>
         <system-err><![CDATA[]]></system-err>
      </testcase>
      <testcase name="Test Cases/5SolicitudCorrectaDiferenteMotivo" classname="Test Cases/5SolicitudCorrectaDiferenteMotivo" status="PASSED">
         <system-out><![CDATA[2018-06-22 09:28:29 - [TEST_CASE][PASSED] - Test Cases/5SolicitudCorrectaDiferenteMotivo: Test Cases/5SolicitudCorrectaDiferenteMotivo

2018-06-22 09:28:29 - [TEST_STEP][PASSED] - openBrowser: Browser is opened with url: 'https://sayes-des:9443/ProcessPortal/login.jsp'

2018-06-22 09:28:35 - [MESSAGE][PASSED] - Browser is opened with url: 'https://sayes-des:9443/ProcessPortal/login.jsp'

2018-06-22 09:28:35 - [TEST_STEP][PASSED] - waitForPageLoad: Wait for page load successfully

2018-06-22 09:28:35 - [MESSAGE][WARNING] - Timeout '0' is invalid. Using default page load timeout: '30'

2018-06-22 09:28:36 - [MESSAGE][PASSED] - Wait for page load successfully

2018-06-22 09:28:36 - [TEST_STEP][PASSED] - setText: Text 'aperez' is set on object 'Object Repository/input_j_username'

2018-06-22 09:28:40 - [MESSAGE][PASSED] - Text 'aperez' is set on object 'Object Repository/input_j_username'

2018-06-22 09:28:40 - [TEST_STEP][PASSED] - setText: Text 'Ab123456' is set on object 'Object Repository/input_j_password'

2018-06-22 09:28:44 - [MESSAGE][PASSED] - Text 'Ab123456' is set on object 'Object Repository/input_j_password'

2018-06-22 09:28:44 - [TEST_STEP][PASSED] - sendKeys: Keys 'ENTER + ' sent to object: 'Object Repository/input_j_password'

2018-06-22 09:28:46 - [MESSAGE][PASSED] - Keys 'ENTER + ' sent to object: 'Object Repository/input_j_password'

2018-06-22 09:28:46 - [TEST_STEP][PASSED] - waitForPageLoad: Wait for page load successfully

2018-06-22 09:28:46 - [MESSAGE][WARNING] - Timeout '0' is invalid. Using default page load timeout: '30'

2018-06-22 09:28:49 - [MESSAGE][PASSED] - Wait for page load successfully

2018-06-22 09:28:49 - [TEST_STEP][PASSED] - click: Object: 'Object Repository/a_Crear Ausencia' is clicked on

2018-06-22 09:28:51 - [MESSAGE][PASSED] - Object: 'Object Repository/a_Crear Ausencia' is clicked on

2018-06-22 09:28:51 - [TEST_STEP][PASSED] - selectOptionByIndex: All options with index in [3] are selected on object 'Object Repository/select_--Select--motivoAusencia'

2018-06-22 09:29:05 - [MESSAGE][PASSED] - All options with index in [3] are selected on object 'Object Repository/select_--Select--motivoAusencia'

2018-06-22 09:29:07 - [TEST_STEP][PASSED] - click: Object: 'Object Repository/button_ACEPTAR' is clicked on

2018-06-22 09:29:11 - [MESSAGE][PASSED] - Object: 'Object Repository/button_ACEPTAR' is clicked on

2018-06-22 09:29:13 - [TEST_STEP][PASSED] - click: Object: 'Object Repository/button_CONFIRMAR' is clicked on

2018-06-22 09:29:17 - [MESSAGE][PASSED] - Object: 'Object Repository/button_CONFIRMAR' is clicked on

2018-06-22 09:29:19 - [TEST_STEP][PASSED] - verifyElementPresent: Object 'Object Repository/a_Crear Ausencia' is present

2018-06-22 09:29:19 - [MESSAGE][WARNING] - Timeout '0' is invalid. Using default page load timeout: '30'

2018-06-22 09:29:20 - [MESSAGE][PASSED] - Object 'Object Repository/a_Crear Ausencia' is present

2018-06-22 09:29:20 - [TEST_STEP][PASSED] - closeBrowser: Browser is closed

2018-06-22 09:29:22 - [MESSAGE][PASSED] - Browser is closed]]></system-out>
         <system-err><![CDATA[]]></system-err>
      </testcase>
      <testcase name="Test Cases/4SolicitudCorrecta" classname="Test Cases/4SolicitudCorrecta" status="PASSED">
         <system-out><![CDATA[2018-06-22 09:29:22 - [TEST_CASE][PASSED] - Test Cases/4SolicitudCorrecta: Test Cases/4SolicitudCorrecta

2018-06-22 09:29:22 - [TEST_STEP][PASSED] - openBrowser: Browser is opened with url: 'https://sayes-des:9443/ProcessPortal/login.jsp'

2018-06-22 09:29:28 - [MESSAGE][PASSED] - Browser is opened with url: 'https://sayes-des:9443/ProcessPortal/login.jsp'

2018-06-22 09:29:28 - [TEST_STEP][PASSED] - waitForPageLoad: Wait for page load successfully

2018-06-22 09:29:28 - [MESSAGE][WARNING] - Timeout '0' is invalid. Using default page load timeout: '30'

2018-06-22 09:29:29 - [MESSAGE][PASSED] - Wait for page load successfully

2018-06-22 09:29:29 - [TEST_STEP][PASSED] - setText: Text 'aperez' is set on object 'Object Repository/input_j_username'

2018-06-22 09:29:33 - [MESSAGE][PASSED] - Text 'aperez' is set on object 'Object Repository/input_j_username'

2018-06-22 09:29:33 - [TEST_STEP][PASSED] - setText: Text 'Ab123456' is set on object 'Object Repository/input_j_password'

2018-06-22 09:29:37 - [MESSAGE][PASSED] - Text 'Ab123456' is set on object 'Object Repository/input_j_password'

2018-06-22 09:29:37 - [TEST_STEP][PASSED] - sendKeys: Keys 'ENTER + ' sent to object: 'Object Repository/input_j_password'

2018-06-22 09:29:39 - [MESSAGE][PASSED] - Keys 'ENTER + ' sent to object: 'Object Repository/input_j_password'

2018-06-22 09:29:39 - [TEST_STEP][PASSED] - waitForPageLoad: Wait for page load successfully

2018-06-22 09:29:39 - [MESSAGE][WARNING] - Timeout '0' is invalid. Using default page load timeout: '30'

2018-06-22 09:29:42 - [MESSAGE][PASSED] - Wait for page load successfully

2018-06-22 09:29:42 - [TEST_STEP][PASSED] - click: Object: 'Object Repository/a_Crear Ausencia' is clicked on

2018-06-22 09:29:44 - [MESSAGE][PASSED] - Object: 'Object Repository/a_Crear Ausencia' is clicked on

2018-06-22 09:29:44 - [TEST_STEP][PASSED] - click: Object: 'Object Repository/input_ao de cargoao de cargo obligatorio' is clicked on

2018-06-22 09:29:49 - [MESSAGE][PASSED] - Object: 'Object Repository/input_ao de cargoao de cargo obligatorio' is clicked on

2018-06-22 09:29:51 - [TEST_STEP][PASSED] - click: Object: 'Object Repository/button_ACEPTAR' is clicked on

2018-06-22 09:29:55 - [MESSAGE][PASSED] - Object: 'Object Repository/button_ACEPTAR' is clicked on

2018-06-22 09:29:57 - [TEST_STEP][PASSED] - click: Object: 'Object Repository/button_CONFIRMAR' is clicked on

2018-06-22 09:30:02 - [MESSAGE][PASSED] - Object: 'Object Repository/button_CONFIRMAR' is clicked on

2018-06-22 09:30:04 - [TEST_STEP][PASSED] - verifyElementPresent: Object 'Object Repository/a_Crear Ausencia' is present

2018-06-22 09:30:04 - [MESSAGE][WARNING] - Timeout '0' is invalid. Using default page load timeout: '30'

2018-06-22 09:30:05 - [MESSAGE][PASSED] - Object 'Object Repository/a_Crear Ausencia' is present

2018-06-22 09:30:05 - [TEST_STEP][PASSED] - closeBrowser: Browser is closed

2018-06-22 09:30:06 - [MESSAGE][PASSED] - Browser is closed]]></system-out>
         <system-err><![CDATA[]]></system-err>
      </testcase>
      <testcase name="Test Cases/3FechaIncorrecta" classname="Test Cases/3FechaIncorrecta" status="PASSED">
         <system-out><![CDATA[2018-06-22 09:30:06 - [TEST_CASE][PASSED] - Test Cases/3FechaIncorrecta: Test Cases/3FechaIncorrecta

2018-06-22 09:30:06 - [TEST_STEP][PASSED] - openBrowser: Browser is opened with url: 'https://sayes-des:9443/ProcessPortal/login.jsp'

2018-06-22 09:30:12 - [MESSAGE][PASSED] - Browser is opened with url: 'https://sayes-des:9443/ProcessPortal/login.jsp'

2018-06-22 09:30:12 - [TEST_STEP][PASSED] - waitForPageLoad: Wait for page load successfully

2018-06-22 09:30:12 - [MESSAGE][WARNING] - Timeout '0' is invalid. Using default page load timeout: '30'

2018-06-22 09:30:13 - [MESSAGE][PASSED] - Wait for page load successfully

2018-06-22 09:30:13 - [TEST_STEP][PASSED] - setText: Text 'aperez' is set on object 'Object Repository/input_j_username'

2018-06-22 09:30:17 - [MESSAGE][PASSED] - Text 'aperez' is set on object 'Object Repository/input_j_username'

2018-06-22 09:30:17 - [TEST_STEP][PASSED] - setText: Text 'Ab123456' is set on object 'Object Repository/input_j_password'

2018-06-22 09:30:21 - [MESSAGE][PASSED] - Text 'Ab123456' is set on object 'Object Repository/input_j_password'

2018-06-22 09:30:21 - [TEST_STEP][PASSED] - sendKeys: Keys 'ENTER + ' sent to object: 'Object Repository/input_j_password'

2018-06-22 09:30:23 - [MESSAGE][PASSED] - Keys 'ENTER + ' sent to object: 'Object Repository/input_j_password'

2018-06-22 09:30:23 - [TEST_STEP][PASSED] - waitForPageLoad: Wait for page load successfully

2018-06-22 09:30:23 - [MESSAGE][WARNING] - Timeout '0' is invalid. Using default page load timeout: '30'

2018-06-22 09:30:26 - [MESSAGE][PASSED] - Wait for page load successfully

2018-06-22 09:30:26 - [TEST_STEP][PASSED] - click: Object: 'Object Repository/a_Crear Ausencia' is clicked on

2018-06-22 09:30:28 - [MESSAGE][PASSED] - Object: 'Object Repository/a_Crear Ausencia' is clicked on

2018-06-22 09:30:28 - [TEST_STEP][PASSED] - setText: Text '2018-06-19' is set on object 'Object Repository/input_input-block-levelFechaFinal'

2018-06-22 09:30:37 - [MESSAGE][PASSED] - Text '2018-06-19' is set on object 'Object Repository/input_input-block-levelFechaFinal'

2018-06-22 09:30:39 - [TEST_STEP][PASSED] - click: Object: 'Object Repository/input_ao de cargoao de cargo obligatorio' is clicked on

2018-06-22 09:30:44 - [MESSAGE][PASSED] - Object: 'Object Repository/input_ao de cargoao de cargo obligatorio' is clicked on

2018-06-22 09:30:46 - [TEST_STEP][PASSED] - click: Object: 'Object Repository/button_ACEPTAR' is clicked on

2018-06-22 09:30:50 - [MESSAGE][PASSED] - Object: 'Object Repository/button_ACEPTAR' is clicked on

2018-06-22 09:30:52 - [TEST_STEP][PASSED] - verifyElementNotPresent: Web element with id: 'Object Repository/button_CONFIRMAR' located by 'By.xpath: id("div_1_1_1")/div[@class="buttonDiv"]/button[@class="btn btn-default"]' is not present after '30' second(s)

2018-06-22 09:30:52 - [MESSAGE][WARNING] - Timeout '0' is invalid. Using default page load timeout: '30'

2018-06-22 09:30:55 - [MESSAGE][PASSED] - Web element with id: 'Object Repository/button_CONFIRMAR' located by 'By.xpath: id("div_1_1_1")/div[@class="buttonDiv"]/button[@class="btn btn-default"]' is not present after '30' second(s)

2018-06-22 09:30:57 - [TEST_STEP][PASSED] - closeBrowser: Browser is closed

2018-06-22 09:30:59 - [MESSAGE][PASSED] - Browser is closed]]></system-out>
         <system-err><![CDATA[]]></system-err>
      </testcase>
      <system-out><![CDATA[2018-06-22 09:27:25 - [TEST_SUITE][PASSED] - New Test Suite: Test Cases/3FechaIncorrecta]]></system-out>
      <system-err><![CDATA[]]></system-err>
   </testsuite>
</testsuites>
