<?xml version="1.0" encoding="UTF-8"?>
<testsuites name="New Test Suite" time="219" tests="5" failures="0" errors="0">
   <testsuite name="New Test Suite" tests="5" failures="0" errors="0" time="219" timestamp="2018-06-22 10:17:34" hostname="admin - LAPTOP-MGAQBN3O" id="Test Suites/New Test Suite">
      <properties>
         <property name="deviceName" value=""/>
         <property name="devicePlatform" value=""/>
         <property name="logFolder" value="C:\\Users\\admin\\Katalon Studio\\crear ausencias\\Reports\\New Test Suite\\20180622_101732"/>
         <property name="logFiles" value="C:\\Users\\admin\\Katalon Studio\\crear ausencias\\Reports\\New Test Suite\\20180622_101732\\execution0.log"/>
         <property name="attachments" value=""/>
         <property name="hostName" value="admin - LAPTOP-MGAQBN3O"/>
         <property name="os" value="Windows 10 64bit"/>
         <property name="katalonVersion" value="5.4.2.1"/>
         <property name="browser" value="Firefox 60.0"/>
         <property name="hostAddress" value="192.168.6.110"/>
         <property name="sessionId" value="c0ed2a06-c89c-4dec-bdb4-b460c8b3371c"/>
         <property name="seleniumVersion" value="3.7.1"/>
         <property name="proxyInformation" value="ProxyInformation{proxyOption=NO_PROXY, proxyServerType=HTTP, password=, proxyServerAddress=, proxyServerPort=0}"/>
         <property name="platform" value="Windows 10"/>
      </properties>
      <testcase name="Test Cases/1login" classname="Test Cases/1login" status="PASSED">
         <system-out><![CDATA[2018-06-22 10:17:34 - [TEST_CASE][PASSED] - Test Cases/1login: Test Cases/1login

2018-06-22 10:17:35 - [TEST_STEP][PASSED] - openBrowser: Browser is opened with url: 'https://sayes-des:9443/ProcessPortal/login.jsp'

2018-06-22 10:17:44 - [MESSAGE][PASSED] - Browser is opened with url: 'https://sayes-des:9443/ProcessPortal/login.jsp'

2018-06-22 10:17:44 - [TEST_STEP][PASSED] - waitForPageLoad: Wait for page load successfully

2018-06-22 10:17:44 - [MESSAGE][WARNING] - Timeout '0' is invalid. Using default page load timeout: '30'

2018-06-22 10:17:45 - [MESSAGE][PASSED] - Wait for page load successfully

2018-06-22 10:17:45 - [TEST_STEP][PASSED] - setText: Text 'aperez' is set on object 'Object Repository/input_j_username'

2018-06-22 10:17:49 - [MESSAGE][PASSED] - Text 'aperez' is set on object 'Object Repository/input_j_username'

2018-06-22 10:17:49 - [TEST_STEP][PASSED] - setText: Text 'Ab123456' is set on object 'Object Repository/input_j_password'

2018-06-22 10:17:53 - [MESSAGE][PASSED] - Text 'Ab123456' is set on object 'Object Repository/input_j_password'

2018-06-22 10:17:53 - [TEST_STEP][PASSED] - sendKeys: Keys 'ENTER + ' sent to object: 'Object Repository/input_j_password'

2018-06-22 10:17:55 - [MESSAGE][PASSED] - Keys 'ENTER + ' sent to object: 'Object Repository/input_j_password'

2018-06-22 10:17:55 - [TEST_STEP][PASSED] - waitForPageLoad: Wait for page load successfully

2018-06-22 10:17:55 - [MESSAGE][WARNING] - Timeout '0' is invalid. Using default page load timeout: '30'

2018-06-22 10:17:58 - [MESSAGE][PASSED] - Wait for page load successfully

2018-06-22 10:17:58 - [TEST_STEP][PASSED] - verifyElementPresent: Object 'Object Repository/a_Acacio Perez' is present

2018-06-22 10:17:58 - [MESSAGE][WARNING] - Timeout '0' is invalid. Using default page load timeout: '30'

2018-06-22 10:17:59 - [MESSAGE][PASSED] - Object 'Object Repository/a_Acacio Perez' is present

2018-06-22 10:17:59 - [TEST_STEP][PASSED] - closeBrowser: Browser is closed

2018-06-22 10:18:00 - [MESSAGE][PASSED] - Browser is closed]]></system-out>
         <system-err><![CDATA[]]></system-err>
      </testcase>
      <testcase name="Test Cases/2CampoObligatorioSinRellenar" classname="Test Cases/2CampoObligatorioSinRellenar" status="PASSED">
         <system-out><![CDATA[2018-06-22 10:18:02 - [TEST_CASE][PASSED] - Test Cases/2CampoObligatorioSinRellenar: Test Cases/2CampoObligatorioSinRellenar

2018-06-22 10:18:02 - [TEST_STEP][PASSED] - openBrowser: Browser is opened with url: 'https://sayes-des:9443/ProcessPortal/login.jsp'

2018-06-22 10:18:09 - [MESSAGE][PASSED] - Browser is opened with url: 'https://sayes-des:9443/ProcessPortal/login.jsp'

2018-06-22 10:18:09 - [TEST_STEP][PASSED] - waitForPageLoad: Wait for page load successfully

2018-06-22 10:18:09 - [MESSAGE][WARNING] - Timeout '0' is invalid. Using default page load timeout: '30'

2018-06-22 10:18:10 - [MESSAGE][PASSED] - Wait for page load successfully

2018-06-22 10:18:10 - [TEST_STEP][PASSED] - setText: Text 'aperez' is set on object 'Object Repository/input_j_username'

2018-06-22 10:18:14 - [MESSAGE][PASSED] - Text 'aperez' is set on object 'Object Repository/input_j_username'

2018-06-22 10:18:14 - [TEST_STEP][PASSED] - setText: Text 'Ab123456' is set on object 'Object Repository/input_j_password'

2018-06-22 10:18:18 - [MESSAGE][PASSED] - Text 'Ab123456' is set on object 'Object Repository/input_j_password'

2018-06-22 10:18:18 - [TEST_STEP][PASSED] - sendKeys: Keys 'ENTER + ' sent to object: 'Object Repository/input_j_password'

2018-06-22 10:18:20 - [MESSAGE][PASSED] - Keys 'ENTER + ' sent to object: 'Object Repository/input_j_password'

2018-06-22 10:18:20 - [TEST_STEP][PASSED] - waitForPageLoad: Wait for page load successfully

2018-06-22 10:18:20 - [MESSAGE][WARNING] - Timeout '0' is invalid. Using default page load timeout: '30'

2018-06-22 10:18:23 - [MESSAGE][PASSED] - Wait for page load successfully

2018-06-22 10:18:23 - [TEST_STEP][PASSED] - click: Object: 'Object Repository/a_Crear Ausencia' is clicked on

2018-06-22 10:18:25 - [MESSAGE][PASSED] - Object: 'Object Repository/a_Crear Ausencia' is clicked on

2018-06-22 10:18:25 - [TEST_STEP][PASSED] - click: Object: 'Object Repository/button_ACEPTAR' is clicked on

2018-06-22 10:18:29 - [MESSAGE][PASSED] - Object: 'Object Repository/button_ACEPTAR' is clicked on

2018-06-22 10:18:31 - [TEST_STEP][PASSED] - verifyElementPresent: Object 'Object Repository/font_Validation Error' is present

2018-06-22 10:18:31 - [MESSAGE][WARNING] - Timeout '0' is invalid. Using default page load timeout: '30'

2018-06-22 10:18:33 - [MESSAGE][WARNING] - Timeout '0' is invalid. Using default page load timeout: '30'

2018-06-22 10:18:34 - [MESSAGE][PASSED] - Object 'Object Repository/font_Validation Error' is present

2018-06-22 10:18:36 - [TEST_STEP][PASSED] - closeBrowser: Browser is closed

2018-06-22 10:18:38 - [MESSAGE][PASSED] - Browser is closed]]></system-out>
         <system-err><![CDATA[]]></system-err>
      </testcase>
      <testcase name="Test Cases/5SolicitudCorrectaDiferenteMotivo" classname="Test Cases/5SolicitudCorrectaDiferenteMotivo" status="PASSED">
         <system-out><![CDATA[2018-06-22 10:18:40 - [TEST_CASE][PASSED] - Test Cases/5SolicitudCorrectaDiferenteMotivo: Test Cases/5SolicitudCorrectaDiferenteMotivo

2018-06-22 10:18:40 - [TEST_STEP][PASSED] - openBrowser: Browser is opened with url: 'https://sayes-des:9443/ProcessPortal/login.jsp'

2018-06-22 10:18:47 - [MESSAGE][PASSED] - Browser is opened with url: 'https://sayes-des:9443/ProcessPortal/login.jsp'

2018-06-22 10:18:47 - [TEST_STEP][PASSED] - waitForPageLoad: Wait for page load successfully

2018-06-22 10:18:47 - [MESSAGE][WARNING] - Timeout '0' is invalid. Using default page load timeout: '30'

2018-06-22 10:18:48 - [MESSAGE][PASSED] - Wait for page load successfully

2018-06-22 10:18:48 - [TEST_STEP][PASSED] - setText: Text 'aperez' is set on object 'Object Repository/input_j_username'

2018-06-22 10:18:52 - [MESSAGE][PASSED] - Text 'aperez' is set on object 'Object Repository/input_j_username'

2018-06-22 10:18:52 - [TEST_STEP][PASSED] - setText: Text 'Ab123456' is set on object 'Object Repository/input_j_password'

2018-06-22 10:18:56 - [MESSAGE][PASSED] - Text 'Ab123456' is set on object 'Object Repository/input_j_password'

2018-06-22 10:18:56 - [TEST_STEP][PASSED] - sendKeys: Keys 'ENTER + ' sent to object: 'Object Repository/input_j_password'

2018-06-22 10:18:58 - [MESSAGE][PASSED] - Keys 'ENTER + ' sent to object: 'Object Repository/input_j_password'

2018-06-22 10:18:58 - [TEST_STEP][PASSED] - waitForPageLoad: Wait for page load successfully

2018-06-22 10:18:58 - [MESSAGE][WARNING] - Timeout '0' is invalid. Using default page load timeout: '30'

2018-06-22 10:19:01 - [MESSAGE][PASSED] - Wait for page load successfully

2018-06-22 10:19:01 - [TEST_STEP][PASSED] - click: Object: 'Object Repository/a_Crear Ausencia' is clicked on

2018-06-22 10:19:03 - [MESSAGE][PASSED] - Object: 'Object Repository/a_Crear Ausencia' is clicked on

2018-06-22 10:19:03 - [TEST_STEP][PASSED] - selectOptionByIndex: All options with index in [3] are selected on object 'Object Repository/select_--Select--motivoAusencia'

2018-06-22 10:19:16 - [MESSAGE][PASSED] - All options with index in [3] are selected on object 'Object Repository/select_--Select--motivoAusencia'

2018-06-22 10:19:18 - [TEST_STEP][PASSED] - click: Object: 'Object Repository/button_ACEPTAR' is clicked on

2018-06-22 10:19:23 - [MESSAGE][PASSED] - Object: 'Object Repository/button_ACEPTAR' is clicked on

2018-06-22 10:19:25 - [TEST_STEP][PASSED] - click: Object: 'Object Repository/button_CONFIRMAR' is clicked on

2018-06-22 10:19:29 - [MESSAGE][PASSED] - Object: 'Object Repository/button_CONFIRMAR' is clicked on

2018-06-22 10:19:31 - [TEST_STEP][PASSED] - verifyElementPresent: Object 'Object Repository/a_Crear Ausencia' is present

2018-06-22 10:19:31 - [MESSAGE][WARNING] - Timeout '0' is invalid. Using default page load timeout: '30'

2018-06-22 10:19:32 - [MESSAGE][PASSED] - Object 'Object Repository/a_Crear Ausencia' is present

2018-06-22 10:19:32 - [TEST_STEP][PASSED] - closeBrowser: Browser is closed

2018-06-22 10:19:33 - [MESSAGE][PASSED] - Browser is closed]]></system-out>
         <system-err><![CDATA[]]></system-err>
      </testcase>
      <testcase name="Test Cases/4SolicitudCorrecta" classname="Test Cases/4SolicitudCorrecta" status="PASSED">
         <system-out><![CDATA[2018-06-22 10:19:35 - [TEST_CASE][PASSED] - Test Cases/4SolicitudCorrecta: Test Cases/4SolicitudCorrecta

2018-06-22 10:19:36 - [TEST_STEP][PASSED] - openBrowser: Browser is opened with url: 'https://sayes-des:9443/ProcessPortal/login.jsp'

2018-06-22 10:19:42 - [MESSAGE][PASSED] - Browser is opened with url: 'https://sayes-des:9443/ProcessPortal/login.jsp'

2018-06-22 10:19:42 - [TEST_STEP][PASSED] - waitForPageLoad: Wait for page load successfully

2018-06-22 10:19:42 - [MESSAGE][WARNING] - Timeout '0' is invalid. Using default page load timeout: '30'

2018-06-22 10:19:43 - [MESSAGE][PASSED] - Wait for page load successfully

2018-06-22 10:19:43 - [TEST_STEP][PASSED] - setText: Text 'aperez' is set on object 'Object Repository/input_j_username'

2018-06-22 10:19:47 - [MESSAGE][PASSED] - Text 'aperez' is set on object 'Object Repository/input_j_username'

2018-06-22 10:19:47 - [TEST_STEP][PASSED] - setText: Text 'Ab123456' is set on object 'Object Repository/input_j_password'

2018-06-22 10:19:51 - [MESSAGE][PASSED] - Text 'Ab123456' is set on object 'Object Repository/input_j_password'

2018-06-22 10:19:51 - [TEST_STEP][PASSED] - sendKeys: Keys 'ENTER + ' sent to object: 'Object Repository/input_j_password'

2018-06-22 10:19:53 - [MESSAGE][PASSED] - Keys 'ENTER + ' sent to object: 'Object Repository/input_j_password'

2018-06-22 10:19:53 - [TEST_STEP][PASSED] - waitForPageLoad: Wait for page load successfully

2018-06-22 10:19:53 - [MESSAGE][WARNING] - Timeout '0' is invalid. Using default page load timeout: '30'

2018-06-22 10:19:56 - [MESSAGE][PASSED] - Wait for page load successfully

2018-06-22 10:19:56 - [TEST_STEP][PASSED] - click: Object: 'Object Repository/a_Crear Ausencia' is clicked on

2018-06-22 10:19:58 - [MESSAGE][PASSED] - Object: 'Object Repository/a_Crear Ausencia' is clicked on

2018-06-22 10:19:58 - [TEST_STEP][PASSED] - click: Object: 'Object Repository/input_ao de cargoao de cargo obligatorio' is clicked on

2018-06-22 10:20:02 - [MESSAGE][PASSED] - Object: 'Object Repository/input_ao de cargoao de cargo obligatorio' is clicked on

2018-06-22 10:20:04 - [TEST_STEP][PASSED] - click: Object: 'Object Repository/button_ACEPTAR' is clicked on

2018-06-22 10:20:09 - [MESSAGE][PASSED] - Object: 'Object Repository/button_ACEPTAR' is clicked on

2018-06-22 10:20:11 - [TEST_STEP][PASSED] - click: Object: 'Object Repository/button_CONFIRMAR' is clicked on

2018-06-22 10:20:15 - [MESSAGE][PASSED] - Object: 'Object Repository/button_CONFIRMAR' is clicked on

2018-06-22 10:20:17 - [TEST_STEP][PASSED] - verifyElementPresent: Object 'Object Repository/a_Crear Ausencia' is present

2018-06-22 10:20:17 - [MESSAGE][WARNING] - Timeout '0' is invalid. Using default page load timeout: '30'

2018-06-22 10:20:18 - [MESSAGE][PASSED] - Object 'Object Repository/a_Crear Ausencia' is present

2018-06-22 10:20:18 - [TEST_STEP][PASSED] - closeBrowser: Browser is closed

2018-06-22 10:20:19 - [MESSAGE][PASSED] - Browser is closed]]></system-out>
         <system-err><![CDATA[]]></system-err>
      </testcase>
      <testcase name="Test Cases/3FechaIncorrecta" classname="Test Cases/3FechaIncorrecta" status="PASSED">
         <system-out><![CDATA[2018-06-22 10:20:21 - [TEST_CASE][PASSED] - Test Cases/3FechaIncorrecta: Test Cases/3FechaIncorrecta

2018-06-22 10:20:22 - [TEST_STEP][PASSED] - openBrowser: Browser is opened with url: 'https://sayes-des:9443/ProcessPortal/login.jsp'

2018-06-22 10:20:28 - [MESSAGE][PASSED] - Browser is opened with url: 'https://sayes-des:9443/ProcessPortal/login.jsp'

2018-06-22 10:20:28 - [TEST_STEP][PASSED] - waitForPageLoad: Wait for page load successfully

2018-06-22 10:20:28 - [MESSAGE][WARNING] - Timeout '0' is invalid. Using default page load timeout: '30'

2018-06-22 10:20:29 - [MESSAGE][PASSED] - Wait for page load successfully

2018-06-22 10:20:29 - [TEST_STEP][PASSED] - setText: Text 'aperez' is set on object 'Object Repository/input_j_username'

2018-06-22 10:20:33 - [MESSAGE][PASSED] - Text 'aperez' is set on object 'Object Repository/input_j_username'

2018-06-22 10:20:33 - [TEST_STEP][PASSED] - setText: Text 'Ab123456' is set on object 'Object Repository/input_j_password'

2018-06-22 10:20:37 - [MESSAGE][PASSED] - Text 'Ab123456' is set on object 'Object Repository/input_j_password'

2018-06-22 10:20:37 - [TEST_STEP][PASSED] - sendKeys: Keys 'ENTER + ' sent to object: 'Object Repository/input_j_password'

2018-06-22 10:20:39 - [MESSAGE][PASSED] - Keys 'ENTER + ' sent to object: 'Object Repository/input_j_password'

2018-06-22 10:20:39 - [TEST_STEP][PASSED] - waitForPageLoad: Wait for page load successfully

2018-06-22 10:20:39 - [MESSAGE][WARNING] - Timeout '0' is invalid. Using default page load timeout: '30'

2018-06-22 10:20:42 - [MESSAGE][PASSED] - Wait for page load successfully

2018-06-22 10:20:42 - [TEST_STEP][PASSED] - click: Object: 'Object Repository/a_Crear Ausencia' is clicked on

2018-06-22 10:20:44 - [MESSAGE][PASSED] - Object: 'Object Repository/a_Crear Ausencia' is clicked on

2018-06-22 10:20:44 - [TEST_STEP][PASSED] - setText: Text '2018-06-19' is set on object 'Object Repository/input_input-block-levelFechaFinal'

2018-06-22 10:20:50 - [MESSAGE][PASSED] - Text '2018-06-19' is set on object 'Object Repository/input_input-block-levelFechaFinal'

2018-06-22 10:20:53 - [TEST_STEP][PASSED] - click: Object: 'Object Repository/input_ao de cargoao de cargo obligatorio' is clicked on

2018-06-22 10:20:57 - [MESSAGE][PASSED] - Object: 'Object Repository/input_ao de cargoao de cargo obligatorio' is clicked on

2018-06-22 10:20:59 - [TEST_STEP][PASSED] - click: Object: 'Object Repository/button_ACEPTAR' is clicked on

2018-06-22 10:21:03 - [MESSAGE][PASSED] - Object: 'Object Repository/button_ACEPTAR' is clicked on

2018-06-22 10:21:05 - [TEST_STEP][PASSED] - verifyElementNotPresent: Web element with id: 'Object Repository/button_CONFIRMAR' located by 'By.xpath: id("div_1_1_1")/div[@class="buttonDiv"]/button[@class="btn btn-default"]' is not present after '30' second(s)

2018-06-22 10:21:05 - [MESSAGE][WARNING] - Timeout '0' is invalid. Using default page load timeout: '30'

2018-06-22 10:21:08 - [MESSAGE][PASSED] - Web element with id: 'Object Repository/button_CONFIRMAR' located by 'By.xpath: id("div_1_1_1")/div[@class="buttonDiv"]/button[@class="btn btn-default"]' is not present after '30' second(s)

2018-06-22 10:21:10 - [TEST_STEP][PASSED] - closeBrowser: Browser is closed

2018-06-22 10:21:12 - [MESSAGE][PASSED] - Browser is closed]]></system-out>
         <system-err><![CDATA[]]></system-err>
      </testcase>
      <system-out><![CDATA[2018-06-22 10:17:34 - [TEST_SUITE][PASSED] - New Test Suite: Test Cases/3FechaIncorrecta]]></system-out>
      <system-err><![CDATA[]]></system-err>
   </testsuite>
</testsuites>
